<?xml version="1.0" encoding="UTF-8"?>
<testsuite xmlns:xsi="http://www.w3.org/2001/XMLSchema-instance" xsi:noNamespaceSchemaLocation="https://maven.apache.org/surefire/maven-surefire-plugin/xsd/surefire-test-report.xsd" name="TestRunner.RunnerTest" time="18.757" tests="30" errors="0" skipped="0" failures="0">
  <properties>
[...]
</properties>
  <testcase name="Given user hit spacex api" classname="| 200 |" time="0.001"/>
  <testcase name="When user receives the responce with &quot;200&quot;" classname="| 200 |" time="0"/>
  <testcase name="Then User Should be able to see the flight number" classname="| 200 |" time="0"/>
  <testcase name="| 200 |" classname="| 200 |" time="0"/>
  <testcase name="Given user navigate to flight booking screen" classname="| Paris | Rome |" time="0"/>
  <testcase name="Given user navigate to flight booking screen" classname="| Paris | Rome |" time="0"/>
  <testcase name="When user select the departure &quot;Paris&quot; city" classname="| Paris | Rome |" time="0"/>
  <testcase name="When user select the departure &quot;Paris&quot; city" classname="| Paris | Rome |" time="0"/>
  <testcase name="And user select destination &quot;Rome&quot; city" classname="| Paris | Rome |" time="0"/>
  <testcase name="And user select destination &quot;Rome&quot; city" classname="| Paris | Rome |" time="0"/>
  <testcase name="And Search for flight" classname="| Paris | Rome |" time="0"/>
  <testcase name="And Search for flight" classname="| Paris | Rome |" time="0"/>
  <testcase name="Then User Should be able to see the search result" classname="| Paris | Rome |" time="0"/>
  <testcase name="| Paris | Rome |" classname="| Paris | Rome |" time="0"/>
  <testcase name="| Paris | Rome |" classname="| Paris | Rome |" time="0"/>
  <testcase name="Given user navigate to flight booking screen" classname="| Portland | London |" time="0"/>
  <testcase name="Given user navigate to flight booking screen" classname="| Portland | London |" time="0.001"/>
  <testcase name="When user select the departure &quot;Portland&quot; city" classname="| Portland | London |" time="0"/>
  <testcase name="When user select the departure &quot;Portland&quot; city" classname="| Portland | London |" time="0"/>
  <testcase name="And user select destination &quot;London&quot; city" classname="| Portland | London |" time="0"/>
  <testcase name="And user select destination &quot;London&quot; city" classname="| Portland | London |" time="0"/>
  <testcase name="And Search for flight" classname="| Portland | London |" time="0"/>
  <testcase name="And Search for flight" classname="| Portland | London |" time="0"/>
  <testcase name="Then User Should be able to see the search result" classname="| Portland | London |" time="0"/>
  <testcase name="| Portland | London |" classname="| Portland | London |" time="0"/>
  <testcase name="| Portland | London |" classname="| Portland | London |" time="0"/>
  <testcase name="And user select a flight and supply user details" classname="| Paris | Rome |" time="0"/>
  <testcase name="Then user should be able to book the flight" classname="| Paris | Rome |" time="0"/>
  <testcase name="And user select a flight and supply user details" classname="| Portland | London |" time="0"/>
  <testcase name="Then user should be able to book the flight" classname="| Portland | London |" time="0"/>
</testsuite>